2009.01.19 13:43 B C:\Documents and Settings\Hannie Fan\My Documents\My Webs\sfsv web_new\css\csshover2.htc --> ftp.csfsv.com /test2/css csshover2.htc
2009.01.19 13:43 B C:\Documents and Settings\Hannie Fan\My Documents\My Webs\sfsv web_new\css\main.css --> ftp.csfsv.com /test2/css main.css
2009.01.19 13:43 B C:\Documents and Settings\Hannie Fan\My Documents\My Webs\sfsv web_new\css\menu.css --> ftp.csfsv.com /test2/css menu.css
2009.01.21 11:45 B C:\Documents and Settings\hafan\My Documents\My Design\sfsv web_new\css\main.css --> ftp.csfsv.com /css main.css
2009.01.21 12:32 B C:\Documents and Settings\hafan\My Documents\My Design\sfsv web_new\css\main.css <-- SFSV /css main.css
2009.01.21 12:35 B C:\Documents and Settings\hafan\My Documents\My Design\sfsv web_new\css\main.css --> ftp·0ÞT‡Rž%.ò{	ª¨VƒáDÍÏý2009.01.23 13:32 B C:\Documents and Settings\hafan\My Documents\My Design\sfsv web_new\css\main.css --> www.csfsv.com /htdocs.svn/css main.css
2009.01.23 16:20 B C:\Documents and Settings\hafan\My Documents\My Design\sfsv web_new\css\main.css --> www.csfsv.com /htdocs.svn/css main.css
2009.01.23 16:21 B C:\Documents and Settings\hafan\My Documents\My Design\sfsv web_new\css\main.css --> www.csfsv.com /css main.css
2009.01.24 16:01 B C:\Documents and Settings\Hannie Fan\My Documents\My Webs\sfsv web_new\css\main.css <-- SFSV /htdocs.svn/css main.css
2009.01.24 20:32 B C:\Documents and Settings\Hannie Fan\My Documents\My Webs\sfsv web_new\css\main.css --> www.csfsv.com /htdocs.svn/css main.css
2009.01.24 20:44 B C:\Documents and Settings\Hannie Fan\My Documents\My Webs\sfsv web_new\css\main.css --> www.csfsv.com /htdocs.svn/css main.css
2009.01.25 00:00 B C:\Documents and Settings\Hannie\My Documents\My Design\sfsv web_new\css\main.css --> www.csfsv.com /htdocs.svn/css main.css
2009.01.26 15:15 B C:\Documents and Settings\hafan\My Documents\My Design\sfsv web_new\css\main.css --> www.csfsv.com /htdocs.svn/css main.css
2009.01.26 15:17 B C:\Documents and Settings\hafan\My Documents\My Design\sfsv web_new\css\main.css --> www.csfsv.com /htdocs.svn/css main.css
2009.01.26 15:41 B C:\Documents and Settings\hafan\My Documents\My Design\sfsv web_new\css\main.css --> www.csfsv.com /htdocs.svn/css main.css
2009.01.26 16:57 B C:\Documents and Settings\hafan\My Documents\My Design\sfsv web_new\css\main.css --> www.csfsv.com /htdocs.svn/css main.css
2009.02.02 22:52 B C:\Documents and Settings\Hannie Fan\My Documents\My Webs\sfsv web_new\css\main.css --> www.csfsv.com /htdocs.svn/css main.css
2009.08.22 18:49 B C:\Documents and Settings\Hannie Fan\My Documents\My Webs\CPAA\springfestival\css\csshover2.htc --> ftp.chineseperformingarts.org /public_html/springfestival/css csshover2.htc
2009.08.22 18:49 B C:\Documents and Settings\Hannie Fan\My Documents\My Webs\CPAA\springfestival\css\main.css --> ftp.chineseperformingarts.org /public_html/springfestival/css main.css
2009.08.22 18:49 B C:\Documents and Settings\Hannie Fan\My Documents\My Webs\CPAA\springfestival\css\menu.css --> ftp.chineseperformingarts.org /public_html/springfestival/css menu.css
2009.12.27 14:47 B C:\Documents and Settings\Hannie Fan\My Documents\My Webs\springfestival\css\WS_FTP.LOG <-- CPAA /public_html/springfestival/css WS_FTP.LOG
2010.02.06 19:14 B C:\Documents and Settings\Hannie Fan\My Documents\My Webs\CPAA\springfestival\css\main.css <-- cpaasv.org /public_html/sf/css main.css
2010.02.07 20:53 B C:\Documents and Settings\Hannie Fan\My Documents\My Webs\CPAA\springfestival\css\main.css --> ftp.cpaasv.org /public_html/sf/css main.css
2010.03.27 19:59 B C:\Documents and Settings\Hannie Fan\My Documents\My Webs\CPAA\springfestival\css\csshover2.htc --> chineseperformingarts.org /public_html/sf/css csshover2.htc
2010.03.27 19:59 B C:\Documents and Settings\Hannie Fan\My Documents\My Webs\CPAA\springfestival\css\main.css --> chineseperformingarts.org /public_html/sf/css main.css
2010.03.27 19:59 B C:\Documents and Settings\Hannie Fan\My Documents\My Webs\CPAA\springfestival\css\menu.css --> chineseperformingarts.org /public_html/sf/css menu.css
